
2024/10/27 (21:58:15) | ===> btop++ v.1.3.0
2024/10/27 (21:58:15) | WARNING: NVML: Failed to get maximum GPU power draw, defaulting to 225W: Not Supported
2024/10/27 (21:58:17) | WARNING: NVML: Failed to get GPU utilization: Unknown Error
2024/10/27 (21:58:19) | WARNING: NVML: Failed to get GPU utilization: Unknown Error
2024/10/27 (21:58:21) | WARNING: NVML: Failed to get GPU utilization: Unknown Error
2024/10/27 (21:58:23) | WARNING: NVML: Failed to get GPU utilization: Unknown Error
2024/10/27 (21:58:25) | WARNING: NVML: Failed to get GPU utilization: Unknown Error
2024/10/27 (21:58:27) | WARNING: NVML: Failed to get GPU utilization: Unknown Error
2024/10/27 (21:58:29) | WARNING: NVML: Failed to get GPU utilization: Unknown Error
2024/10/27 (21:58:31) | WARNING: NVML: Failed to get GPU utilization: Unknown Error
2024/10/27 (21:58:33) | WARNING: NVML: Failed to get GPU utilization: Unknown Error
2024/10/27 (21:58:35) | WARNING: NVML: Failed to get GPU utilization: Unknown Error
2024/10/27 (21:58:37) | WARNING: NVML: Failed to get GPU utilization: Unknown Error
2024/10/27 (21:58:39) | WARNING: NVML: Failed to get GPU utilization: Unknown Error
2024/10/27 (21:58:41) | WARNING: NVML: Failed to get GPU utilization: Unknown Error
2024/10/27 (21:58:43) | WARNING: NVML: Failed to get GPU utilization: Unknown Error
2024/10/27 (21:58:45) | WARNING: NVML: Failed to get GPU utilization: Unknown Error
2024/10/27 (21:58:47) | WARNING: NVML: Failed to get GPU utilization: Unknown Error
2024/10/27 (21:58:49) | WARNING: NVML: Failed to get GPU utilization: Unknown Error
2024/10/27 (21:58:51) | WARNING: NVML: Failed to get GPU utilization: Unknown Error
2024/10/27 (21:58:53) | WARNING: NVML: Failed to get GPU utilization: Unknown Error
2024/10/27 (21:58:55) | WARNING: NVML: Failed to get GPU utilization: Unknown Error
2024/10/27 (21:58:57) | WARNING: NVML: Failed to get GPU utilization: Unknown Error
2024/10/27 (21:58:59) | WARNING: NVML: Failed to get GPU utilization: Unknown Error
2024/10/27 (21:59:01) | WARNING: NVML: Failed to get GPU utilization: Unknown Error
2024/10/27 (21:59:03) | WARNING: NVML: Failed to get GPU utilization: Unknown Error
2024/10/27 (21:59:05) | WARNING: NVML: Failed to get GPU utilization: Unknown Error
2024/10/27 (21:59:07) | WARNING: NVML: Failed to get GPU utilization: Unknown Error
2024/10/27 (21:59:09) | WARNING: NVML: Failed to get GPU utilization: Unknown Error
2024/10/27 (21:59:11) | WARNING: NVML: Failed to get GPU utilization: Unknown Error
2024/10/27 (21:59:13) | WARNING: NVML: Failed to get GPU utilization: Unknown Error
2024/10/27 (21:59:15) | WARNING: NVML: Failed to get GPU utilization: Unknown Error
2024/10/27 (21:59:15) | WARNING: NVML: Failed to get GPU utilization: Unknown Error
2024/10/27 (21:59:17) | WARNING: NVML: Failed to get GPU utilization: Unknown Error

2024/10/27 (22:02:00) | ===> btop++ v.1.3.0
2024/10/27 (22:02:00) | WARNING: NVML: Failed to get maximum GPU power draw, defaulting to 225W: Not Supported
2024/10/27 (22:02:02) | WARNING: NVML: Failed to get GPU utilization: Unknown Error
2024/10/27 (22:02:04) | WARNING: NVML: Failed to get GPU utilization: Unknown Error

2024/10/27 (22:02:09) | ===> btop++ v.1.3.0
2024/10/27 (22:02:09) | WARNING: NVML: Failed to get maximum GPU power draw, defaulting to 225W: Not Supported
2024/10/27 (22:02:11) | WARNING: NVML: Failed to get GPU utilization: Unknown Error
2024/10/27 (22:02:13) | WARNING: NVML: Failed to get GPU utilization: Unknown Error
2024/10/27 (22:02:15) | WARNING: NVML: Failed to get GPU utilization: Unknown Error
2024/10/27 (22:02:14) | WARNING: NVML: Failed to get GPU utilization: Unknown Error
2024/10/27 (22:02:16) | WARNING: NVML: Failed to get GPU utilization: Unknown Error
2024/10/27 (22:02:18) | WARNING: NVML: Failed to get GPU utilization: Unknown Error
2024/10/27 (22:02:20) | WARNING: NVML: Failed to get GPU utilization: Unknown Error

2024/10/27 (22:05:11) | ===> btop++ v.1.3.0
2024/10/27 (22:05:11) | WARNING: NVML: Failed to get maximum GPU power draw, defaulting to 225W: Not Supported
2024/10/27 (22:05:13) | WARNING: NVML: Failed to get GPU utilization: Unknown Error
2024/10/27 (22:05:15) | WARNING: NVML: Failed to get GPU utilization: Unknown Error
2024/10/27 (22:05:17) | WARNING: NVML: Failed to get GPU utilization: Unknown Error
2024/10/27 (22:05:16) | WARNING: NVML: Failed to get GPU utilization: Unknown Error
2024/10/27 (22:05:18) | WARNING: NVML: Failed to get GPU utilization: Unknown Error
2024/10/27 (22:05:20) | WARNING: NVML: Failed to get GPU utilization: Unknown Error
2024/10/27 (22:05:22) | WARNING: NVML: Failed to get GPU utilization: Unknown Error
2024/10/27 (22:05:23) | WARNING: NVML: Failed to get GPU utilization: Unknown Error
2024/10/27 (22:05:24) | WARNING: NVML: Failed to get GPU utilization: Unknown Error
2024/10/27 (22:05:25) | WARNING: NVML: Failed to get GPU utilization: Unknown Error
2024/10/27 (22:05:28) | WARNING: NVML: Failed to get GPU utilization: Unknown Error
2024/10/27 (22:05:29) | WARNING: NVML: Failed to get GPU utilization: Unknown Error
2024/10/27 (22:05:32) | WARNING: NVML: Failed to get GPU utilization: Unknown Error
2024/10/27 (22:05:33) | WARNING: NVML: Failed to get GPU utilization: Unknown Error
2024/10/27 (22:05:34) | WARNING: NVML: Failed to get GPU utilization: Unknown Error
2024/10/27 (22:05:36) | WARNING: NVML: Failed to get GPU utilization: Unknown Error
2024/10/27 (22:05:38) | WARNING: NVML: Failed to get GPU utilization: Unknown Error
2024/10/27 (22:05:40) | WARNING: NVML: Failed to get GPU utilization: Unknown Error
2024/10/27 (22:05:42) | WARNING: NVML: Failed to get GPU utilization: Unknown Error
2024/10/27 (22:05:44) | WARNING: NVML: Failed to get GPU utilization: Unknown Error
2024/10/27 (22:05:46) | WARNING: NVML: Failed to get GPU utilization: Unknown Error
2024/10/27 (22:05:45) | WARNING: NVML: Failed to get GPU utilization: Unknown Error
2024/10/27 (22:05:47) | WARNING: NVML: Failed to get GPU utilization: Unknown Error
2024/10/27 (22:05:48) | WARNING: NVML: Failed to get GPU utilization: Unknown Error
2024/10/27 (22:05:49) | WARNING: NVML: Failed to get GPU utilization: Unknown Error
2024/10/27 (22:05:50) | WARNING: NVML: Failed to get GPU utilization: Unknown Error
2024/10/27 (22:05:53) | WARNING: NVML: Failed to get GPU utilization: Unknown Error
2024/10/27 (22:05:54) | WARNING: NVML: Failed to get GPU utilization: Unknown Error
2024/10/27 (22:05:55) | WARNING: NVML: Failed to get GPU utilization: Unknown Error
2024/10/27 (22:05:57) | WARNING: NVML: Failed to get GPU utilization: Unknown Error
2024/10/27 (22:05:59) | WARNING: NVML: Failed to get GPU utilization: Unknown Error
2024/10/27 (22:06:01) | WARNING: NVML: Failed to get GPU utilization: Unknown Error
2024/10/27 (22:06:09) | WARNING: NVML: Failed to get GPU utilization: Unknown Error
2024/10/27 (22:06:12) | WARNING: NVML: Failed to get GPU utilization: Unknown Error
2024/10/27 (22:06:13) | WARNING: NVML: Failed to get GPU utilization: Unknown Error

2024/10/27 (22:06:17) | ===> btop++ v.1.3.0
2024/10/27 (22:06:17) | WARNING: NVML: Failed to get maximum GPU power draw, defaulting to 225W: Not Supported
2024/10/27 (22:06:20) | WARNING: NVML: Failed to get GPU utilization: Unknown Error
2024/10/27 (22:06:22) | WARNING: NVML: Failed to get GPU utilization: Unknown Error
2024/10/27 (22:06:26) | WARNING: NVML: Failed to get GPU utilization: Unknown Error
2024/10/27 (22:06:28) | WARNING: NVML: Failed to get GPU utilization: Unknown Error
2024/10/27 (22:06:30) | WARNING: NVML: Failed to get GPU utilization: Unknown Error
2024/10/27 (22:06:32) | WARNING: NVML: Failed to get GPU utilization: Unknown Error
2024/10/27 (22:06:34) | WARNING: NVML: Failed to get GPU utilization: Unknown Error
2024/10/27 (22:06:36) | WARNING: NVML: Failed to get GPU utilization: Unknown Error
2024/10/27 (22:06:38) | WARNING: NVML: Failed to get GPU utilization: Unknown Error
2024/10/27 (22:06:40) | WARNING: NVML: Failed to get GPU utilization: Unknown Error
2024/10/27 (22:06:42) | WARNING: NVML: Failed to get GPU utilization: Unknown Error
2024/10/27 (22:06:44) | WARNING: NVML: Failed to get GPU utilization: Unknown Error
2024/10/27 (22:06:46) | WARNING: NVML: Failed to get GPU utilization: Unknown Error
2024/10/27 (22:06:46) | WARNING: NVML: Failed to get GPU utilization: Unknown Error
2024/10/27 (22:06:48) | WARNING: NVML: Failed to get GPU utilization: Unknown Error
2024/10/27 (22:06:50) | WARNING: NVML: Failed to get GPU utilization: Unknown Error
2024/10/27 (22:06:52) | WARNING: NVML: Failed to get GPU utilization: Unknown Error
2024/10/27 (22:06:54) | WARNING: NVML: Failed to get GPU utilization: Unknown Error
2024/10/27 (22:06:56) | WARNING: NVML: Failed to get GPU utilization: Unknown Error
2024/10/27 (22:06:58) | WARNING: NVML: Failed to get GPU utilization: Unknown Error
2024/10/27 (22:07:00) | WARNING: NVML: Failed to get GPU utilization: Unknown Error
2024/10/27 (22:07:02) | WARNING: NVML: Failed to get GPU utilization: Unknown Error
2024/10/27 (22:07:04) | WARNING: NVML: Failed to get GPU utilization: Unknown Error
2024/10/27 (22:07:06) | WARNING: NVML: Failed to get GPU utilization: Unknown Error
2024/10/27 (22:07:08) | WARNING: NVML: Failed to get GPU utilization: Unknown Error
2024/10/27 (22:07:16) | WARNING: NVML: Failed to get GPU utilization: Unknown Error
2024/10/27 (22:07:21) | WARNING: NVML: Failed to get GPU utilization: Unknown Error

2024/10/27 (22:07:26) | ===> btop++ v.1.3.0
2024/10/27 (22:07:26) | WARNING: NVML: Failed to get maximum GPU power draw, defaulting to 225W: Not Supported

2024/10/27 (22:07:51) | ===> btop++ v.1.3.0
2024/10/27 (22:07:51) | WARNING: NVML: Failed to get maximum GPU power draw, defaulting to 225W: Not Supported
2024/10/27 (22:07:53) | WARNING: NVML: Failed to get GPU utilization: Unknown Error
2024/10/27 (22:07:55) | WARNING: NVML: Failed to get GPU utilization: Unknown Error
2024/10/27 (22:07:57) | WARNING: NVML: Failed to get GPU utilization: Unknown Error
2024/10/27 (22:07:58) | WARNING: NVML: Failed to get GPU utilization: Unknown Error

2024/10/27 (22:08:07) | ===> btop++ v.1.3.0
2024/10/27 (22:08:07) | WARNING: NVML: Failed to get maximum GPU power draw, defaulting to 225W: Not Supported

2024/10/27 (22:08:12) | ===> btop++ v.1.3.0
2024/10/27 (22:08:12) | WARNING: NVML: Failed to get maximum GPU power draw, defaulting to 225W: Not Supported

2024/10/27 (22:08:16) | ===> btop++ v.1.3.0
2024/10/27 (22:08:16) | WARNING: NVML: Failed to get maximum GPU power draw, defaulting to 225W: Not Supported
2024/10/27 (22:08:20) | WARNING: NVML: Failed to get GPU utilization: Unknown Error
2024/10/27 (22:08:22) | WARNING: NVML: Failed to get GPU utilization: Unknown Error
2024/10/27 (22:08:31) | WARNING: NVML: Failed to get GPU utilization: Unknown Error
2024/10/27 (22:08:33) | WARNING: NVML: Failed to get GPU utilization: Unknown Error
2024/10/27 (22:08:35) | WARNING: NVML: Failed to get GPU utilization: Unknown Error
2024/10/27 (22:08:45) | WARNING: NVML: Failed to get GPU utilization: Unknown Error
2024/10/27 (22:08:46) | WARNING: NVML: Failed to get GPU utilization: Unknown Error
2024/10/27 (22:08:50) | WARNING: NVML: Failed to get GPU utilization: Unknown Error
2024/10/27 (22:08:51) | WARNING: NVML: Failed to get GPU utilization: Unknown Error
2024/10/27 (22:08:52) | WARNING: NVML: Failed to get GPU utilization: Unknown Error
2024/10/27 (22:08:53) | WARNING: NVML: Failed to get GPU utilization: Unknown Error
2024/10/27 (22:08:54) | WARNING: NVML: Failed to get GPU utilization: Unknown Error
2024/10/27 (22:08:55) | WARNING: NVML: Failed to get GPU utilization: Unknown Error
2024/10/27 (22:09:01) | WARNING: NVML: Failed to get GPU utilization: Unknown Error
2024/10/27 (22:09:03) | WARNING: NVML: Failed to get GPU utilization: Unknown Error
2024/10/27 (22:09:05) | WARNING: NVML: Failed to get GPU utilization: Unknown Error
2024/10/27 (22:09:07) | WARNING: NVML: Failed to get GPU utilization: Unknown Error
2024/10/27 (22:09:09) | WARNING: NVML: Failed to get GPU utilization: Unknown Error
2024/10/27 (22:09:11) | WARNING: NVML: Failed to get GPU utilization: Unknown Error
2024/10/27 (22:09:13) | WARNING: NVML: Failed to get GPU utilization: Unknown Error
2024/10/27 (22:09:15) | WARNING: NVML: Failed to get GPU utilization: Unknown Error
2024/10/27 (22:09:17) | WARNING: NVML: Failed to get GPU utilization: Unknown Error
2024/10/27 (22:09:17) | WARNING: NVML: Failed to get GPU utilization: Unknown Error
2024/10/27 (22:09:19) | WARNING: NVML: Failed to get GPU utilization: Unknown Error
2024/10/27 (22:09:21) | WARNING: NVML: Failed to get GPU utilization: Unknown Error
2024/10/27 (22:09:23) | WARNING: NVML: Failed to get GPU utilization: Unknown Error
2024/10/27 (22:09:25) | WARNING: NVML: Failed to get GPU utilization: Unknown Error
2024/10/27 (22:09:27) | WARNING: NVML: Failed to get GPU utilization: Unknown Error

2024/10/28 (14:25:23) | ===> btop++ v.1.3.0
2024/10/28 (14:25:23) | WARNING: NVML: Failed to get maximum GPU power draw, defaulting to 225W: Not Supported

2024/10/28 (14:25:39) | ===> btop++ v.1.3.0
2024/10/28 (14:25:39) | WARNING: NVML: Failed to get maximum GPU power draw, defaulting to 225W: Not Supported
2024/10/28 (14:25:41) | WARNING: NVML: Failed to get GPU utilization: Unknown Error
2024/10/28 (14:25:53) | WARNING: NVML: Failed to get GPU utilization: Unknown Error
2024/10/28 (14:26:20) | ERROR: Couldn't determine terminal size of "STDOUT_FILENO"!
2024/10/28 (14:26:20) | ERROR: Couldn't determine terminal size of "/dev/tty"!
